[32mINFO    [0m TestLogin:test_login.py:43 test_invalidLogin Test is started
[31m[1mERROR   [0m SeleniumDriver:selenium_driver.py:41 Invalid Locator Type =link text
[32mINFO    [0m SeleniumDriver:selenium_driver.py:96 Waiting for maximum :: 10 :: seconds for element to be clickable
[31m[1mERROR   [0m SeleniumDriver:selenium_driver.py:105 Element not appeared on the web page
[31m[1mERROR   [0m SeleniumDriver:selenium_driver.py:53 Unable to Find with Locator Type=link and locator=Login
[31m[1mERROR   [0m SeleniumDriver:selenium_driver.py:66 Cannot Click on Element with Locator Type=link and locator=Login
[32mINFO    [0m SeleniumDriver:selenium_driver.py:96 Waiting for maximum :: 10 :: seconds for element to be clickable
[31m[1mERROR   [0m SeleniumDriver:selenium_driver.py:105 Element not appeared on the web page
[31m[1mERROR   [0m SeleniumDriver:selenium_driver.py:53 Unable to Find with Locator Type=id and locator=user_email
[31m[1mERROR   [0m SeleniumDriver:selenium_driver.py:77 Cannot Enter Data on Element with Locator Type=id and locator=user_email
[32mINFO    [0m SeleniumDriver:selenium_driver.py:96 Waiting for maximum :: 10 :: seconds for element to be clickable
[31m[1mERROR   [0m SeleniumDriver:selenium_driver.py:105 Element not appeared on the web page
[31m[1mERROR   [0m SeleniumDriver:selenium_driver.py:53 Unable to Find with Locator Type=id and locator=user_password
[31m[1mERROR   [0m SeleniumDriver:selenium_driver.py:77 Cannot Enter Data on Element with Locator Type=id and locator=user_password
[32mINFO    [0m SeleniumDriver:selenium_driver.py:96 Waiting for maximum :: 10 :: seconds for element to be clickable
[31m[1mERROR   [0m SeleniumDriver:selenium_driver.py:105 Element not appeared on the web page
[31m[1mERROR   [0m SeleniumDriver:selenium_driver.py:53 Unable to Find with Locator Type=name and locator=commit
[31m[1mERROR   [0m SeleniumDriver:selenium_driver.py:66 Cannot Click on Element with Locator Type=name and locator=commit
[32mINFO    [0m SeleniumDriver:selenium_driver.py:96 Waiting for maximum :: 10 :: seconds for element to be clickable
[31m[1mERROR   [0m SeleniumDriver:selenium_driver.py:105 Element not appeared on the web page
[31m[1mERROR   [0m SeleniumDriver:selenium_driver.py:53 Unable to Find with Locator Type=xpath and locator=//div[contains(text(),'Invalid email or password')]
[31m[1mERROR   [0m SeleniumDriver:selenium_driver.py:119 Element is not present on Page with Locator Type=xpath and locator=//div[contains(text(),'Invalid email or password')]
[31m[1mERROR   [0m TestStatus:teststatus.py:34 ### VERIFICATION FAILED :: + User Invalid Login
[32mINFO    [0m TestStatus:selenium_driver.py:142 Screenshot save to directory: D:\PythonSeleniumFW\base\../screenshots/User Invalid Login.1589016469541.png
[31m[1mERROR   [0m TestStatus:teststatus.py:61 test_invalidLogin ### TEST FAILED